2026.02.25 06:43:09,961	INFO	3	org.l2jmobius.commons.util.IXmlReader	Network Config: ipconfig.xml exists using manual configuration...
2026.02.25 06:43:10,052	INFO	3	org.l2jmobius.Config	Loaded 6 Filter Words.
2026.02.25 06:43:10,063	INFO	3	org.l2jmobius.gameserver.GameServer	------------------------------------------------=[ Database ]
2026.02.25 06:43:10,291	INFO	3	org.l2jmobius.commons.database.DatabaseFactory	Database: Initialized.
2026.02.25 06:43:10,291	INFO	3	org.l2jmobius.gameserver.GameServer	----------------------------------------------=[ ThreadPool ]
2026.02.25 06:43:10,293	INFO	3	org.l2jmobius.commons.threads.ThreadPool	ThreadPool: Initialized
2026.02.25 06:43:10,293	INFO	3	org.l2jmobius.commons.threads.ThreadPool	...scheduled pool executor with 12 high priority threads.
2026.02.25 06:43:10,304	INFO	3	org.l2jmobius.commons.threads.ThreadPool	...scheduled pool executor with 48 total threads.
2026.02.25 06:43:10,304	INFO	3	org.l2jmobius.commons.threads.ThreadPool	...instant pool executor with 24 total threads.
2026.02.25 06:43:10,305	INFO	3	org.l2jmobius.gameserver.GameServer	-----------------------------------------------=[ IdManager ]
2026.02.25 06:43:10,307	INFO	3	org.l2jmobius.gameserver.instancemanager.IdManager	Updated characters online status.
2026.02.25 06:43:10,317	INFO	3	org.l2jmobius.gameserver.instancemanager.IdManager	IdManager: Cleaned 0 elements from database in 0 seconds.
2026.02.25 06:43:10,321	INFO	3	org.l2jmobius.gameserver.instancemanager.IdManager	IdManager: Cleaned 0 expired timestamps from database.
2026.02.25 06:43:10,323	INFO	3	org.l2jmobius.gameserver.instancemanager.IdManager	IdManager: 102912 id's available.
2026.02.25 06:43:10,324	INFO	3	org.l2jmobius.gameserver.GameServer	----------------------------------------=[ Scripting Engine ]
2026.02.25 06:43:10,362	INFO	3	org.l2jmobius.gameserver.scripting.ScriptEngineManager	Loaded 0 files to exclude.
2026.02.25 06:43:10,362	INFO	3	org.l2jmobius.gameserver.GameServer	---------------------------------------------------=[ World ]
2026.02.25 06:43:10,535	INFO	3	org.l2jmobius.gameserver.instancemanager.MapRegionManager	MapRegionManager: Loaded 57 map regions.
2026.02.25 06:43:10,539	INFO	3	org.l2jmobius.gameserver.instancemanager.ZoneManager	ZoneManager 19 by 18 Zone Region Grid set up.
2026.02.25 06:43:10,839	INFO	3	org.l2jmobius.gameserver.instancemanager.ZoneManager	ZoneManager: Loaded 32 zone classes and 2742 zones.
2026.02.25 06:43:10,844	INFO	3	org.l2jmobius.gameserver.instancemanager.ZoneManager	ZoneManager: Last static id 200224.
2026.02.25 06:43:11,073	INFO	3	org.l2jmobius.gameserver.data.xml.DoorData	DoorData: Loaded 1180 doors.
2026.02.25 06:43:11,081	INFO	3	FenceData	FenceData: Loaded 1 fences.
2026.02.25 06:43:11,089	INFO	3	org.l2jmobius.gameserver.instancemanager.GlobalVariablesManager	GlobalVariablesManager: Loaded 5 variables.
2026.02.25 06:43:11,090	INFO	3	org.l2jmobius.gameserver.GameServer	----------------------------------------------------=[ Data ]
2026.02.25 06:43:11,100	INFO	3	org.l2jmobius.gameserver.data.xml.ActionData	ActionData: Loaded 242 player actions.
2026.02.25 06:43:11,146	INFO	3	org.l2jmobius.gameserver.data.xml.CategoryData	CategoryData: Loaded 215 categories.
2026.02.25 06:43:11,151	INFO	3	org.l2jmobius.gameserver.data.xml.SecondaryAuthData	SecondaryAuthData: Loaded 328 forbidden passwords.
2026.02.25 06:43:12,372	INFO	3	org.l2jmobius.gameserver.data.xml.ItemData	ItemData: Highest item id used: 90726
2026.02.25 06:43:12,379	INFO	3	org.l2jmobius.gameserver.data.xml.ItemData	ItemData: Loaded 21743 Etc Items
2026.02.25 06:43:12,379	INFO	3	org.l2jmobius.gameserver.data.xml.ItemData	ItemData: Loaded 11226 Armor Items
2026.02.25 06:43:12,379	INFO	3	org.l2jmobius.gameserver.data.xml.ItemData	ItemData: Loaded 8662 Weapon Items
2026.02.25 06:43:12,379	INFO	3	org.l2jmobius.gameserver.data.xml.ItemData	ItemData: Loaded 41631 Items in total.
2026.02.25 06:43:12,384	INFO	3	org.l2jmobius.gameserver.data.xml.CombinationItemsData	CombinationItemsData: Loaded 855 combinations.
2026.02.25 06:43:12,388	INFO	3	org.l2jmobius.gameserver.data.xml.SayuneData	SayuneData: Loaded 0 maps.
2026.02.25 06:43:12,397	INFO	3	org.l2jmobius.gameserver.data.xml.ClanRewardData	ClanRewardData: Loaded 4 rewards for members online.
2026.02.25 06:43:12,397	INFO	3	org.l2jmobius.gameserver.data.xml.ClanRewardData	ClanRewardData: Loaded 4 rewards for hunting monsters.
2026.02.25 06:43:12,403	INFO	3	handlers.DailyMissionMasterHandler	DailyMissionMasterHandler: Loaded 9 handlers.
2026.02.25 06:43:12,406	INFO	3	org.l2jmobius.gameserver.data.xml.DailyMissionData	DailyMissionData: Loaded 0 one day rewards.
2026.02.25 06:43:12,406	INFO	3	org.l2jmobius.gameserver.GameServer	--------------------------------------------------=[ Skills ]
2026.02.25 06:43:12,520	INFO	3	handlers.EffectMasterHandler	EffectMasterHandler: Loaded 365 effect handlers.
2026.02.25 06:43:12,528	INFO	3	org.l2jmobius.gameserver.data.xml.EnchantSkillGroupsData	EnchantSkillGroupsData: Loaded 30 enchant routes, max enchant set to 30.
2026.02.25 06:43:14,392	INFO	3	org.l2jmobius.gameserver.data.xml.SkillData	SkillData: Loaded 123350 Skills.
2026.02.25 06:43:14,554	INFO	3	org.l2jmobius.gameserver.data.xml.SkillTreeData	SkillTreeData: Loaded 13708 Class skills for 89 class skill trees.
2026.02.25 06:43:14,554	INFO	3	org.l2jmobius.gameserver.data.xml.SkillTreeData	SkillTreeData: Loaded 0 sub-class skills.
2026.02.25 06:43:14,554	INFO	3	org.l2jmobius.gameserver.data.xml.SkillTreeData	SkillTreeData: Loaded 0 dual-class skills.
2026.02.25 06:43:14,554	INFO	3	org.l2jmobius.gameserver.data.xml.SkillTreeData	SkillTreeData: Loaded 0 transfer skills for 0 transfer skill trees.
2026.02.25 06:43:14,555	INFO	3	org.l2jmobius.gameserver.data.xml.SkillTreeData	SkillTreeData: Loaded 0 race skills for 0 race skill trees.
2026.02.25 06:43:14,555	INFO	3	org.l2jmobius.gameserver.data.xml.SkillTreeData	SkillTreeData: Loaded 35 fishing skills, 8 Dwarven only fishing skills.
2026.02.25 06:43:14,555	INFO	3	org.l2jmobius.gameserver.data.xml.SkillTreeData	SkillTreeData: Loaded 0 collect skills.
2026.02.25 06:43:14,556	INFO	3	org.l2jmobius.gameserver.data.xml.SkillTreeData	SkillTreeData: Loaded 73 clan skills, 43 for clan and 30 residential.
2026.02.25 06:43:14,556	INFO	3	org.l2jmobius.gameserver.data.xml.SkillTreeData	SkillTreeData: Loaded 18 sub-pledge skills.
2026.02.25 06:43:14,556	INFO	3	org.l2jmobius.gameserver.data.xml.SkillTreeData	SkillTreeData: Loaded 32 transform skills.
2026.02.25 06:43:14,556	INFO	3	org.l2jmobius.gameserver.data.xml.SkillTreeData	SkillTreeData: Loaded 8 noble skills.
2026.02.25 06:43:14,556	INFO	3	org.l2jmobius.gameserver.data.xml.SkillTreeData	SkillTreeData: Loaded 5 hero skills.
2026.02.25 06:43:14,556	INFO	3	org.l2jmobius.gameserver.data.xml.SkillTreeData	SkillTreeData: Loaded 34 game master skills.
2026.02.25 06:43:14,557	INFO	3	org.l2jmobius.gameserver.data.xml.SkillTreeData	SkillTreeData: Loaded 1 game master aura skills.
2026.02.25 06:43:14,557	INFO	3	org.l2jmobius.gameserver.data.xml.SkillTreeData	SkillTreeData: Loaded 0 ability skills.
2026.02.25 06:43:14,557	INFO	3	org.l2jmobius.gameserver.data.xml.SkillTreeData	SkillTreeData: Loaded 0 alchemy skills.
2026.02.25 06:43:14,557	INFO	3	org.l2jmobius.gameserver.data.xml.SkillTreeData	SkillTreeData: Loaded 0 class awaken save skills.
2026.02.25 06:43:14,557	INFO	3	org.l2jmobius.gameserver.data.xml.SkillTreeData	SkillTreeData: Loaded 0 Revelation skills.
2026.02.25 06:43:14,557	INFO	3	org.l2jmobius.gameserver.data.xml.SkillTreeData	SkillTreeData: Loaded 16 common skills.
2026.02.25 06:43:14,564	INFO	3	org.l2jmobius.gameserver.data.xml.PetSkillData	PetSkillData: Loaded 1046 skills.
2026.02.25 06:43:14,565	INFO	3	org.l2jmobius.gameserver.GameServer	---------------------------------------------------=[ Items ]
2026.02.25 06:43:14,572	INFO	3	org.l2jmobius.gameserver.data.xml.EnchantItemGroupsData	EnchantItemGroupsData: Loaded 4 item group templates.
2026.02.25 06:43:14,572	INFO	3	org.l2jmobius.gameserver.data.xml.EnchantItemGroupsData	EnchantItemGroupsData: Loaded 1 scroll group templates.
2026.02.25 06:43:14,572	INFO	3	org.l2jmobius.gameserver.data.xml.EnchantItemGroupsData	EnchantItemGroupsData: Max weapon enchant is set to 30.
2026.02.25 06:43:14,572	INFO	3	org.l2jmobius.gameserver.data.xml.EnchantItemGroupsData	EnchantItemGroupsData: Max armor enchant is set to 30.
2026.02.25 06:43:14,572	INFO	3	org.l2jmobius.gameserver.data.xml.EnchantItemGroupsData	EnchantItemGroupsData: Max accessory enchant is set to 30.
2026.02.25 06:43:14,576	INFO	3	org.l2jmobius.gameserver.data.xml.EnchantItemData	EnchantItemData: Loaded 248 enchant scrolls.
2026.02.25 06:43:14,577	INFO	3	org.l2jmobius.gameserver.data.xml.EnchantItemData	EnchantItemData: Loaded 100 support items.
2026.02.25 06:43:15,191	INFO	3	org.l2jmobius.gameserver.data.xml.OptionData	OptionData: Loaded 34053 options.
2026.02.25 06:43:15,199	INFO	3	org.l2jmobius.gameserver.data.xml.EnchantItemOptionsData	EnchantItemOptionsData: Loaded 68 items and 1747 options.
2026.02.25 06:43:15,202	INFO	3	org.l2jmobius.commons.util.IXmlReader	ElementalAttributeData: Loaded 0 elemental attribute items.
2026.02.25 06:43:15,203	INFO	3	org.l2jmobius.gameserver.data.xml.ItemCrystallizationData	ItemCrystallizationData: Loaded 12 crystallization templates.
2026.02.25 06:43:15,204	INFO	3	org.l2jmobius.gameserver.data.xml.ItemCrystallizationData	ItemCrystallizationData: Loaded 0 pre-defined crystallizable items.
2026.02.25 06:43:15,209	INFO	3	org.l2jmobius.gameserver.data.xml.ItemCrystallizationData	ItemCrystallizationData: Generated 0 crystallizable items from templates.
2026.02.25 06:43:15,276	INFO	3	VariationData	VariationData: Loaded 120 variations.
2026.02.25 06:43:15,276	INFO	3	VariationData	VariationData: Loaded 4717 fees.
2026.02.25 06:43:15,278	INFO	3	org.l2jmobius.gameserver.data.xml.EnchantItemHPBonusData	EnchantItemHPBonusData: Loaded 11 enchant HP bonuses.
2026.02.25 06:43:15,841	INFO	3	org.l2jmobius.gameserver.data.xml.BuyListData	BuyListData: Loaded 964 buyLists.
2026.02.25 06:43:15,968	INFO	3	org.l2jmobius.gameserver.data.xml.MultisellData	MultisellData: Loaded 91 multisell lists.
2026.02.25 06:43:15,989	INFO	3	org.l2jmobius.gameserver.data.xml.RecipeData	RecipeData: Loaded 630 recipes.
2026.02.25 06:43:16,029	INFO	3	org.l2jmobius.gameserver.data.xml.ArmorSetData	ArmorSetData: Loaded 317 armor sets.
2026.02.25 06:43:16,033	INFO	3	org.l2jmobius.gameserver.data.xml.FishingData	FishingData: Loaded 3 bait and 13 rod data.
2026.02.25 06:43:16,054	INFO	3	org.l2jmobius.gameserver.data.xml.HennaData	HennaData: Loaded 372 henna data.
2026.02.25 06:43:16,056	INFO	3	org.l2jmobius.gameserver.data.xml.PrimeShopData	PrimeShopData: System is disabled.
2026.02.25 06:43:16,069	INFO	3	org.l2jmobius.gameserver.data.xml.AppearanceItemData	AppearanceItemData: Loaded 1217 stones.
2026.02.25 06:43:16,075	INFO	3	org.l2jmobius.commons.util.IXmlReader	LuckyGameData: Loaded 2 lucky game data.
2026.02.25 06:43:16,078	INFO	3	org.l2jmobius.gameserver.data.xml.AttendanceRewardData	AttendanceRewardData: Loaded 28 rewards.
2026.02.25 06:43:16,079	INFO	3	org.l2jmobius.gameserver.GameServer	----------------------------------------------=[ Characters ]
2026.02.25 06:43:16,082	INFO	3	org.l2jmobius.gameserver.data.xml.ClassListData	ClassListData: Loaded 153 class data.
2026.02.25 06:43:16,084	INFO	3	org.l2jmobius.gameserver.data.xml.InitialEquipmentData	InitialEquipmentData: Loaded 9 initial equipment data.
2026.02.25 06:43:16,087	INFO	3	org.l2jmobius.gameserver.data.xml.InitialShortcutData	InitialShortcutData: Loaded 5 initial global shortcuts data.
2026.02.25 06:43:16,087	INFO	3	org.l2jmobius.gameserver.data.xml.InitialShortcutData	InitialShortcutData: Loaded 4 initial shortcuts data.
2026.02.25 06:43:16,087	INFO	3	org.l2jmobius.gameserver.data.xml.InitialShortcutData	InitialShortcutData: Loaded 0 macro presets.
2026.02.25 06:43:16,090	INFO	3	org.l2jmobius.gameserver.data.xml.ExperienceData	ExperienceData: Loaded 81 levels.
2026.02.25 06:43:16,090	INFO	3	org.l2jmobius.gameserver.data.xml.ExperienceData	ExperienceData: Max Player Level is 80.
2026.02.25 06:43:16,090	INFO	3	org.l2jmobius.gameserver.data.xml.ExperienceData	ExperienceData: Max Pet Level is 81.
2026.02.25 06:43:16,093	INFO	3	org.l2jmobius.gameserver.data.xml.KarmaData	KarmaData: Loaded 80 karma modifiers.
2026.02.25 06:43:16,094	INFO	3	org.l2jmobius.gameserver.data.xml.HitConditionBonusData	HitConditionBonusData: Loaded hit condition bonuses.
2026.02.25 06:43:16,226	INFO	3	org.l2jmobius.gameserver.data.xml.PlayerTemplateData	PlayerTemplateData: Loaded 89 character templates.
2026.02.25 06:43:16,226	INFO	3	org.l2jmobius.gameserver.data.xml.PlayerTemplateData	PlayerTemplateData: Loaded 42720 level up gain records.
2026.02.25 06:43:16,228	INFO	3	org.l2jmobius.gameserver.data.sql.CharInfoTable	CharInfoTable: Loaded 6 char names.
2026.02.25 06:43:16,230	INFO	3	org.l2jmobius.gameserver.data.xml.AdminData	AdminData: Loaded 10 access levels.
2026.02.25 06:43:16,232	INFO	3	org.l2jmobius.gameserver.data.xml.AdminData	AdminData: Loaded 458 access commands.
2026.02.25 06:43:16,475	INFO	3	org.l2jmobius.gameserver.data.xml.PetDataTable	PetDataTable: Loaded 56 pets.
2026.02.25 06:43:16,499	INFO	3	org.l2jmobius.gameserver.data.xml.CubicData	CubicData: Loaded 21 cubics.
2026.02.25 06:43:16,506	INFO	3	org.l2jmobius.gameserver.GameServer	PremiumManager: Premium system is enabled.
2026.02.25 06:43:16,507	INFO	3	org.l2jmobius.gameserver.GameServer	---------------------------------------------------=[ Clans ]
2026.02.25 06:43:16,512	INFO	3	org.l2jmobius.gameserver.communitybbs.Manager.ForumsBBSManager	ForumsBBSManager: Loaded 12 forums. Last forum id used: 12
2026.02.25 06:43:16,520	INFO	3	org.l2jmobius.gameserver.data.sql.ClanTable	ClanTable: Restored 1 clans from the database.
2026.02.25 06:43:16,524	INFO	3	org.l2jmobius.gameserver.data.xml.ResidenceFunctionsData	ResidenceFunctionsData: Loaded 8 functions.
2026.02.25 06:43:16,585	INFO	3	org.l2jmobius.gameserver.data.xml.ClanHallData	ClanHallData: Succesfully loaded 48 clan halls.
2026.02.25 06:43:16,586	INFO	3	org.l2jmobius.gameserver.instancemanager.ClanHallAuctionManager	ClanHallAuctionManager: Clan Hall Auction has started!
2026.02.25 06:43:16,597	INFO	3	org.l2jmobius.gameserver.instancemanager.ClanEntryManager	ClanEntryManager: Loaded 0 clan entries.
2026.02.25 06:43:16,598	INFO	3	org.l2jmobius.gameserver.instancemanager.ClanEntryManager	ClanEntryManager: Loaded 0 players in waiting list.
2026.02.25 06:43:16,598	INFO	3	org.l2jmobius.gameserver.instancemanager.ClanEntryManager	ClanEntryManager: Loaded 0 player applications.
2026.02.25 06:43:16,598	INFO	3	org.l2jmobius.gameserver.GameServer	-------------------------------------------------=[ Geodata ]
2026.02.25 06:43:16,617	INFO	3	org.l2jmobius.gameserver.geoengine.GeoEngine	GeoEngine: Loaded 0 regions.
2026.02.25 06:43:16,617	INFO	3	org.l2jmobius.gameserver.GameServer	----------------------------------------------------=[ NPCs ]
2026.02.25 06:43:17,991	INFO	3	org.l2jmobius.gameserver.data.xml.NpcData	NpcData: Loaded 14865 NPCs.
2026.02.25 06:43:18,001	INFO	3	org.l2jmobius.gameserver.data.xml.NpcData	NpcData: Loaded 16 custom NPCs.
2026.02.25 06:43:18,002	INFO	3	org.l2jmobius.gameserver.data.xml.FakePlayerData	FakePlayerData: Disabled.
2026.02.25 06:43:18,003	INFO	3	org.l2jmobius.gameserver.instancemanager.FakePlayerChatManager	FakePlayerChatManager: Disabled.
2026.02.25 06:43:18,301	INFO	3	org.l2jmobius.gameserver.data.xml.SpawnData	SpawnData: Loaded 27268 spawns
2026.02.25 06:43:19,991	INFO	3	org.l2jmobius.gameserver.instancemanager.WalkingManager	WalkingManager: Loaded 13 walking routes.
2026.02.25 06:43:19,998	INFO	3	org.l2jmobius.gameserver.data.xml.StaticObjectData	StaticObjectData: Loaded 86 static object templates.
2026.02.25 06:43:19,998	INFO	3	org.l2jmobius.gameserver.instancemanager.ItemAuctionManager	ItemAuctionManager: Disabled.
2026.02.25 06:43:20,013	INFO	3	org.l2jmobius.gameserver.instancemanager.CastleManager	CastleManager: Loaded 9 castles.
2026.02.25 06:43:20,018	INFO	3	org.l2jmobius.gameserver.data.SchemeBufferTable	SchemeBufferTable: Loaded 0 players schemes and 60 available buffs.
2026.02.25 06:43:20,020	INFO	3	org.l2jmobius.gameserver.instancemanager.GrandBossManager	GrandBossManager: Gigantic Chaos Golem(25512) status is 0
2026.02.25 06:43:20,020	INFO	3	org.l2jmobius.gameserver.instancemanager.GrandBossManager	GrandBossManager: Queen Ant(29001) status is 0
2026.02.25 06:43:20,020	INFO	3	org.l2jmobius.gameserver.instancemanager.GrandBossManager	GrandBossManager: Core(29006) status is 0
2026.02.25 06:43:20,020	INFO	3	org.l2jmobius.gameserver.instancemanager.GrandBossManager	GrandBossManager: Orfen(29014) status is 1
2026.02.25 06:43:20,025	INFO	3	org.l2jmobius.gameserver.instancemanager.GrandBossManager	GrandBossManager: Next spawn date of Orfen is Fri Feb 27 09:33:49 EET 2026
2026.02.25 06:43:20,025	INFO	3	org.l2jmobius.gameserver.instancemanager.GrandBossManager	GrandBossManager: Baium(29020) status is 0
2026.02.25 06:43:20,025	INFO	3	org.l2jmobius.gameserver.instancemanager.GrandBossManager	GrandBossManager: Zaken(29022) status is 0
2026.02.25 06:43:20,025	INFO	3	org.l2jmobius.gameserver.instancemanager.GrandBossManager	GrandBossManager: Valakas(29028) status is 0
2026.02.25 06:43:20,025	INFO	3	org.l2jmobius.gameserver.instancemanager.GrandBossManager	GrandBossManager: Antharas(29068) status is 0
2026.02.25 06:43:20,025	INFO	3	org.l2jmobius.gameserver.instancemanager.GrandBossManager	GrandBossManager: Loaded 8 instances.
2026.02.25 06:43:20,026	INFO	3	org.l2jmobius.gameserver.GameServer	------------------------------------------------=[ Instance ]
2026.02.25 06:43:20,029	INFO	3	org.l2jmobius.gameserver.instancemanager.InstanceManager	InstanceManager: Loaded 267 instance names.
2026.02.25 06:43:20,050	INFO	3	org.l2jmobius.gameserver.instancemanager.InstanceManager	InstanceManager: Loaded 6 instance templates.
2026.02.25 06:43:20,051	INFO	3	org.l2jmobius.gameserver.instancemanager.InstanceManager	InstanceManager: Loaded instance reenter times for 0 players.
2026.02.25 06:43:20,051	INFO	3	org.l2jmobius.gameserver.GameServer	------------------------------------------------=[ Olympiad ]
2026.02.25 06:43:20,055	INFO	3	org.l2jmobius.gameserver.model.olympiad.Olympiad	Olympiad System: Loading....
2026.02.25 06:43:20,056	INFO	3	org.l2jmobius.gameserver.model.olympiad.Olympiad	Olympiad System: Currently in Olympiad Period
2026.02.25 06:43:20,056	INFO	3	org.l2jmobius.gameserver.model.olympiad.Olympiad	Olympiad System: 8 days, 5 hours and 16 mins until period ends.
2026.02.25 06:43:20,056	INFO	3	org.l2jmobius.gameserver.model.olympiad.Olympiad	Olympiad System: Next weekly change is in 4 days, 10 hours and 17 mins.
2026.02.25 06:43:20,056	INFO	3	org.l2jmobius.gameserver.model.olympiad.Olympiad	Olympiad System: Loaded 0 Nobles
2026.02.25 06:43:20,058	INFO	3	org.l2jmobius.gameserver.model.olympiad.Olympiad	Olympiad System: Competition Period Starts in 0 days, 11 hours and 17 mins.
2026.02.25 06:43:20,058	INFO	3	org.l2jmobius.gameserver.model.olympiad.Olympiad	Olympiad System: Event starts/started: Wed Feb 25 18:00:20 EET 2026
2026.02.25 06:43:20,060	INFO	3	org.l2jmobius.gameserver.model.olympiad.Hero	Hero System: Loaded 0 Heroes.
2026.02.25 06:43:20,060	INFO	3	org.l2jmobius.gameserver.model.olympiad.Hero	Hero System: Loaded 0 all time Heroes.
2026.02.25 06:43:20,060	INFO	3	org.l2jmobius.gameserver.GameServer	---------------------------------------------------=[ Cache ]
2026.02.25 06:43:20,061	INFO	3	org.l2jmobius.gameserver.cache.HtmCache	Cache[HTML]: Running lazy cache.
2026.02.25 06:43:20,062	INFO	3	org.l2jmobius.gameserver.data.sql.CrestTable	CrestTable: Loaded 0 Crests.
2026.02.25 06:43:20,150	INFO	3	org.l2jmobius.gameserver.data.xml.TeleporterData	TeleporterData: Loaded 145 npc teleporters.
2026.02.25 06:43:20,434	INFO	3	org.l2jmobius.gameserver.data.xml.TransformData	TransformData: Loaded 174 transform templates.
2026.02.25 06:43:20,440	INFO	3	org.l2jmobius.gameserver.data.BotReportTable	BotReportTable: Loaded 0 bot reports
2026.02.25 06:43:20,440	INFO	3	org.l2jmobius.gameserver.GameServer	-------------------------------------------------=[ Scripts ]
2026.02.25 06:43:20,443	INFO	3	org.l2jmobius.gameserver.instancemanager.AirShipManager	AirShipManager: Loaded 0 private airships
2026.02.25 06:43:20,447	INFO	3	org.l2jmobius.gameserver.data.xml.ShuttleData	ShuttleData: Loaded 1 shuttles.
2026.02.25 06:43:20,448	INFO	3	org.l2jmobius.gameserver.GameServer	GameServer: Loading server scripts:
2026.02.25 06:43:20,516	INFO	3	handlers.MasterHandler	Loading Handlers...
2026.02.25 06:43:20,598	INFO	3	handlers.MasterHandler	ActionHandler: Loaded 10 handlers.
2026.02.25 06:43:20,598	INFO	3	handlers.MasterHandler	ActionShiftHandler: Loaded 6 handlers.
2026.02.25 06:43:20,598	INFO	3	handlers.MasterHandler	AdminCommandHandler: Loaded 450 handlers.
2026.02.25 06:43:20,598	INFO	3	handlers.MasterHandler	BypassHandler: Loaded 31 handlers.
2026.02.25 06:43:20,598	INFO	3	handlers.MasterHandler	ChatHandler: Loaded 14 handlers.
2026.02.25 06:43:20,598	INFO	3	handlers.MasterHandler	CommunityBoardHandler: Loaded 29 handlers.
2026.02.25 06:43:20,598	INFO	3	handlers.MasterHandler	ItemHandler: Loaded 30 handlers.
2026.02.25 06:43:20,598	INFO	3	handlers.MasterHandler	PunishmentHandler: Loaded 3 handlers.
2026.02.25 06:43:20,598	INFO	3	handlers.MasterHandler	UserCommandHandler: Loaded 16 handlers.
2026.02.25 06:43:20,598	INFO	3	handlers.MasterHandler	VoicedCommandHandler: Loaded 9 handlers.
2026.02.25 06:43:20,598	INFO	3	handlers.MasterHandler	TargetHandler: Loaded 21 handlers.
2026.02.25 06:43:20,598	INFO	3	handlers.MasterHandler	AffectObjectHandler: Loaded 11 handlers.
2026.02.25 06:43:20,599	INFO	3	handlers.MasterHandler	AffectScopeHandler: Loaded 19 handlers.
2026.02.25 06:43:20,599	INFO	3	handlers.MasterHandler	PlayerActionHandler: Loaded 24 handlers.
2026.02.25 06:43:20,599	INFO	3	handlers.MasterHandler	Handlers Loaded...
2026.02.25 06:43:20,599	INFO	3	org.l2jmobius.gameserver.scripting.ScriptEngineManager	Loading scripts from jar: C:\Users\devl2\Desktop\lineage2\dist\libs\Scripts.jar
2026.02.25 06:43:20,689	INFO	3	ai.areas.ImperialTomb.FourSepulchers.FourSepulchers	[Four Sepulchers] Loaded 762 spawn zones data.
2026.02.25 06:43:20,729	INFO	3	org.l2jmobius.gameserver.instancemanager.GrandBossManager	GrandBossManager: Updated Zaken(29022) status to 0.
2026.02.25 06:43:20,741	INFO	3	ai.others.ClassMaster.ClassMaster	ClassMaster: Loaded 0 class change options.
2026.02.25 06:43:20,782	INFO	3	org.l2jmobius.gameserver.model.quest.Quest	Event Eve the Fortune Teller has passed... Ignored 
2026.02.25 06:43:20,785	INFO	3	org.l2jmobius.gameserver.model.quest.Quest	Event Happy Hours has passed... Ignored 
2026.02.25 06:43:20,787	INFO	3	org.l2jmobius.gameserver.model.quest.Quest	Event Merry Squashmas Event has passed... Ignored 
2026.02.25 06:43:20,790	INFO	3	org.l2jmobius.gameserver.model.quest.Quest	Event Rudolphs Blessing has passed... Ignored 
2026.02.25 06:43:20,792	INFO	3	org.l2jmobius.gameserver.model.quest.Quest	Event Squash Event has passed... Ignored 
2026.02.25 06:43:20,795	INFO	3	org.l2jmobius.gameserver.model.quest.Quest	Event The Power Of Love has passed... Ignored 
2026.02.25 06:43:20,797	INFO	3	org.l2jmobius.gameserver.model.quest.Quest	Event Watermelon Ninja has passed... Ignored 
2026.02.25 06:43:20,798	INFO	3	handlers.DailyMissionMasterHandler	DailyMissionMasterHandler: Loaded 9 handlers.
2026.02.25 06:43:20,798	INFO	3	handlers.EffectMasterHandler	EffectMasterHandler: Loaded 365 effect handlers.
2026.02.25 06:43:20,798	INFO	3	handlers.MasterHandler	Loading Handlers...
2026.02.25 06:43:20,800	INFO	3	org.l2jmobius.gameserver.instancemanager.QuestManager	Replaced script AdminZones with a new version!
2026.02.25 06:43:20,817	INFO	3	org.l2jmobius.gameserver.instancemanager.QuestManager	Replaced script MercTicket with a new version!
2026.02.25 06:43:20,818	INFO	3	handlers.MasterHandler	ActionHandler: Loaded 10 handlers.
2026.02.25 06:43:20,818	INFO	3	handlers.MasterHandler	ActionShiftHandler: Loaded 6 handlers.
2026.02.25 06:43:20,818	INFO	3	handlers.MasterHandler	AdminCommandHandler: Loaded 450 handlers.
2026.02.25 06:43:20,818	INFO	3	handlers.MasterHandler	BypassHandler: Loaded 33 handlers.
2026.02.25 06:43:20,818	INFO	3	handlers.MasterHandler	ChatHandler: Loaded 14 handlers.
2026.02.25 06:43:20,818	INFO	3	handlers.MasterHandler	CommunityBoardHandler: Loaded 29 handlers.
2026.02.25 06:43:20,818	INFO	3	handlers.MasterHandler	ItemHandler: Loaded 30 handlers.
2026.02.25 06:43:20,818	INFO	3	handlers.MasterHandler	PunishmentHandler: Loaded 3 handlers.
2026.02.25 06:43:20,818	INFO	3	handlers.MasterHandler	UserCommandHandler: Loaded 16 handlers.
2026.02.25 06:43:20,818	INFO	3	handlers.MasterHandler	VoicedCommandHandler: Loaded 9 handlers.
2026.02.25 06:43:20,818	INFO	3	handlers.MasterHandler	TargetHandler: Loaded 21 handlers.
2026.02.25 06:43:20,818	INFO	3	handlers.MasterHandler	AffectObjectHandler: Loaded 11 handlers.
2026.02.25 06:43:20,818	INFO	3	handlers.MasterHandler	AffectScopeHandler: Loaded 19 handlers.
2026.02.25 06:43:20,818	INFO	3	handlers.MasterHandler	PlayerActionHandler: Loaded 24 handlers.
2026.02.25 06:43:20,818	INFO	3	handlers.MasterHandler	Handlers Loaded...
2026.02.25 06:43:20,908	INFO	3	org.l2jmobius.gameserver.model.quest.Quest	[EnhanceYourWeapon] Loaded 54 Soul Crystal data.
2026.02.25 06:43:20,908	INFO	3	org.l2jmobius.gameserver.model.quest.Quest	[EnhanceYourWeapon] Loaded 124 npc Leveling info data.
2026.02.25 06:43:21,164	INFO	3	org.l2jmobius.gameserver.data.xml.SpawnData	SpawnData: Initializing spawns...
2026.02.25 06:43:21,340	INFO	3	org.l2jmobius.gameserver.instancemanager.DBSpawnManager	DBSpawnManager: Loaded 225 instances.
2026.02.25 06:43:21,340	INFO	3	org.l2jmobius.gameserver.instancemanager.DBSpawnManager	DBSpawnManager: Scheduled 0 instances.
2026.02.25 06:43:22,833	INFO	3	org.l2jmobius.gameserver.data.xml.SpawnData	SpawnData: All spawns has been initialized!
2026.02.25 06:43:22,833	INFO	3	org.l2jmobius.gameserver.GameServer	---------------------------------------------------=[ Siege ]
2026.02.25 06:43:22,838	INFO	3	org.l2jmobius.gameserver.data.xml.SiegeScheduleData	SiegeScheduleData: Loaded 9 siege schedulers.
2026.02.25 06:43:22,839	INFO	3	org.l2jmobius.gameserver.model.siege.Siege	Siege of Gludio: Sun Mar 01 16:00:00 EET 2026
2026.02.25 06:43:22,839	INFO	3	org.l2jmobius.gameserver.model.siege.Siege	Siege of Dion: Sun Mar 01 20:00:00 EET 2026
2026.02.25 06:43:22,839	INFO	3	org.l2jmobius.gameserver.model.siege.Siege	Siege of Giran: Sun Mar 01 16:00:00 EET 2026
2026.02.25 06:43:22,839	INFO	3	org.l2jmobius.gameserver.model.siege.Siege	Siege of Oren: Sun Mar 01 20:00:00 EET 2026
2026.02.25 06:43:22,840	INFO	3	org.l2jmobius.gameserver.model.siege.Siege	Siege of Aden: Sun Mar 01 16:00:00 EET 2026
2026.02.25 06:43:22,840	INFO	3	org.l2jmobius.gameserver.model.siege.Siege	Siege of Innadril: Sun Mar 01 20:00:00 EET 2026
2026.02.25 06:43:22,840	INFO	3	org.l2jmobius.gameserver.model.siege.Siege	Siege of Goddard: Sun Mar 01 16:00:00 EET 2026
2026.02.25 06:43:22,840	INFO	3	org.l2jmobius.gameserver.model.siege.Siege	Siege of Rune: Sun Mar 01 20:00:00 EET 2026
2026.02.25 06:43:22,840	INFO	3	org.l2jmobius.gameserver.model.siege.Siege	Siege of Schuttgart: Sun Mar 01 16:00:00 EET 2026
2026.02.25 06:43:22,845	INFO	3	org.l2jmobius.gameserver.instancemanager.CastleManorManager	CastleManorManager: Manor system is deactivated.
2026.02.25 06:43:22,846	INFO	3	org.l2jmobius.gameserver.instancemanager.SiegeGuardManager	SiegeGuardManager: Loaded 0 siege guards tickets.
2026.02.25 06:43:22,846	INFO	3	org.l2jmobius.gameserver.instancemanager.QuestManager	QuestManager: Loaded 214 quests.
2026.02.25 06:43:22,846	INFO	3	org.l2jmobius.gameserver.instancemanager.QuestManager	QuestManager: Loaded 116 scripts.
2026.02.25 06:43:22,848	INFO	3	org.l2jmobius.gameserver.instancemanager.games.MonsterRace	MonsterRace: loaded 120 records, currently on race #121
2026.02.25 06:43:22,852	INFO	3	org.l2jmobius.gameserver.taskmanager.TaskManager	TaskManager: Loaded 5 Tasks.
2026.02.25 06:43:22,853	INFO	3	org.l2jmobius.gameserver.instancemanager.DailyTaskManager	DailyTaskManager: Next schedule at 26/02 06:30.
2026.02.25 06:43:22,854	INFO	3	org.l2jmobius.gameserver.instancemanager.MailManager	MailManager: Loaded 0 messages.
2026.02.25 06:43:22,855	INFO	3	org.l2jmobius.gameserver.instancemanager.PunishmentManager	PunishmentManager: Loaded 0 active and 0 expired punishments.
2026.02.25 06:43:22,856	INFO	3	org.l2jmobius.gameserver.GameServer	IdManager: Free ObjectID's remaining: 1879008120
2026.02.25 06:43:22,856	INFO	3	org.l2jmobius.gameserver.data.sql.OfflineTraderTable	OfflineTraderTable: Loading offline traders...
2026.02.25 06:43:22,857	INFO	3	org.l2jmobius.gameserver.data.sql.OfflineTraderTable	OfflineTraderTable: Loaded 0 offline traders.
2026.02.25 06:43:23,069	INFO	3	org.l2jmobius.gameserver.GameServer	GameServer: Started, using 680 of 4096 MB total memory.
2026.02.25 06:43:23,069	INFO	3	org.l2jmobius.gameserver.GameServer	GameServer: Maximum number of connected players is 2000.
2026.02.25 06:43:23,069	INFO	3	org.l2jmobius.gameserver.GameServer	GameServer: Server loaded in 13 seconds.
2026.02.25 06:43:23,084	INFO	163	org.l2jmobius.gameserver.LoginServerThread	LoginServerThread: Connecting to login on 127.0.0.1:9014
2026.02.25 06:43:23,117	INFO	163	org.l2jmobius.gameserver.LoginServerThread	LoginServerThread: Registered on login as Server 1: Bartz
2026.02.25 06:43:29,746	WARNING	105	org.l2jmobius.gameserver.model.actor.Creature	Master access level set for character 44444444! Just a warning to be careful ;)
2026.02.25 06:43:38,186	INFO	100	custom.listeners.ListenerTest	ListenerTest: Player: Player:44444444[268475342] has logged in!
2026.02.25 06:44:52,044	INFO	105	org.l2jmobius.gameserver.cache.HtmCache	Cache[HTML]: Running lazy cache.
2026.02.25 06:45:09,042	INFO	93	org.l2jmobius.gameserver.cache.HtmCache	Cache[HTML]: Running lazy cache.
2026.02.25 06:45:27,251	INFO	94	org.l2jmobius.gameserver.cache.HtmCache	Cache[HTML]: Running lazy cache.
2026.02.25 06:45:39,608	INFO	111	org.l2jmobius.gameserver.cache.HtmCache	Cache[HTML]: Running lazy cache.
2026.02.25 06:47:44,209	INFO	110	org.l2jmobius.gameserver.cache.HtmCache	Cache[HTML]: Running lazy cache.
2026.02.25 06:47:48,799	INFO	93	org.l2jmobius.gameserver.cache.HtmCache	Cache[HTML]: Running lazy cache.
2026.02.25 06:48:22,407	INFO	103	org.l2jmobius.gameserver.cache.HtmCache	Cache[HTML]: Running lazy cache.
2026.02.25 06:49:16,841	INFO	93	org.l2jmobius.gameserver.cache.HtmCache	Cache[HTML]: Running lazy cache.
2026.02.25 06:54:16,101	INFO	94	org.l2jmobius.gameserver.cache.HtmCache	Cache[HTML]: Running lazy cache.
2026.02.25 06:55:02,543	INFO	92	org.l2jmobius.gameserver.cache.HtmCache	Cache[HTML]: Running lazy cache.
2026.02.25 06:55:33,970	INFO	91	org.l2jmobius.gameserver.cache.HtmCache	Cache[HTML]: Running lazy cache.
2026.02.25 06:55:58,597	INFO	96	org.l2jmobius.gameserver.cache.HtmCache	Cache[HTML]: Running lazy cache.
2026.02.25 06:56:11,809	INFO	107	org.l2jmobius.gameserver.cache.HtmCache	Cache[HTML]: Running lazy cache.
2026.02.25 06:56:35,371	INFO	105	org.l2jmobius.gameserver.cache.HtmCache	Cache[HTML]: Running lazy cache.
2026.02.25 06:56:39,838	INFO	93	org.l2jmobius.gameserver.cache.HtmCache	Cache[HTML]: Running lazy cache.
2026.02.25 06:56:52,775	INFO	94	org.l2jmobius.gameserver.cache.HtmCache	Cache[HTML]: Running lazy cache.
2026.02.25 06:57:11,789	INFO	111	org.l2jmobius.gameserver.cache.HtmCache	Cache[HTML]: Running lazy cache.
2026.02.25 06:57:34,962	INFO	93	org.l2jmobius.gameserver.cache.HtmCache	Cache[HTML]: Running lazy cache.
2026.02.25 06:58:13,880	INFO	107	org.l2jmobius.gameserver.cache.HtmCache	Cache[HTML]: Running lazy cache.
2026.02.25 06:59:14,753	INFO	104	org.l2jmobius.gameserver.cache.HtmCache	Cache[HTML]: Running lazy cache.
2026.02.25 06:59:51,745	INFO	105	org.l2jmobius.gameserver.cache.HtmCache	Cache[HTML]: Running lazy cache.
2026.02.25 07:00:39,868	INFO	96	org.l2jmobius.gameserver.cache.HtmCache	Cache[HTML]: Running lazy cache.
2026.02.25 07:00:57,566	INFO	107	org.l2jmobius.gameserver.cache.HtmCache	Cache[HTML]: Running lazy cache.
2026.02.25 07:01:06,926	INFO	112	org.l2jmobius.gameserver.cache.HtmCache	Cache[HTML]: Running lazy cache.
2026.02.25 07:04:23,006	INFO	97	org.l2jmobius.gameserver.cache.HtmCache	Cache[HTML]: Running lazy cache.
2026.02.25 07:04:50,057	INFO	93	org.l2jmobius.gameserver.cache.HtmCache	Cache[HTML]: Running lazy cache.
2026.02.25 07:08:15,520	INFO	107	org.l2jmobius.gameserver.cache.HtmCache	Cache[HTML]: Running lazy cache.
2026.02.25 07:09:13,992	INFO	112	org.l2jmobius.gameserver.cache.HtmCache	Cache[HTML]: Running lazy cache.
2026.02.25 07:09:55,029	INFO	90	org.l2jmobius.gameserver.cache.HtmCache	Cache[HTML]: Running lazy cache.
2026.02.25 07:10:25,459	INFO	108	org.l2jmobius.gameserver.cache.HtmCache	Cache[HTML]: Running lazy cache.
2026.02.25 07:10:43,746	INFO	102	org.l2jmobius.gameserver.cache.HtmCache	Cache[HTML]: Running lazy cache.
2026.02.25 07:11:12,917	INFO	107	org.l2jmobius.gameserver.cache.HtmCache	Cache[HTML]: Running lazy cache.
2026.02.25 07:11:35,071	INFO	91	org.l2jmobius.gameserver.cache.HtmCache	Cache[HTML]: Running lazy cache.
2026.02.25 07:11:59,121	INFO	106	org.l2jmobius.gameserver.cache.HtmCache	Cache[HTML]: Running lazy cache.
2026.02.25 07:12:16,573	INFO	96	org.l2jmobius.gameserver.cache.HtmCache	Cache[HTML]: Running lazy cache.
2026.02.25 07:13:25,406	INFO	52	org.l2jmobius.gameserver.instancemanager.GlobalVariablesManager	GlobalVariablesManager: Stored 5 variables.
2026.02.25 07:13:56,389	INFO	32	org.l2jmobius.commons.util.IXmlReader	Network Config: ipconfig.xml exists using manual configuration...
2026.02.25 07:13:56,395	INFO	32	org.l2jmobius.Config	Loaded 6 Filter Words.
2026.02.25 07:15:42,093	INFO	104	org.l2jmobius.gameserver.cache.HtmCache	Cache[HTML]: Running lazy cache.
2026.02.25 07:16:01,254	INFO	111	org.l2jmobius.gameserver.cache.HtmCache	Cache[HTML]: Running lazy cache.
2026.02.25 07:16:28,605	INFO	108	org.l2jmobius.gameserver.cache.HtmCache	Cache[HTML]: Running lazy cache.
2026.02.25 07:19:30,751	INFO	95	org.l2jmobius.gameserver.cache.HtmCache	Cache[HTML]: Running lazy cache.
2026.02.25 07:20:06,168	INFO	92	org.l2jmobius.gameserver.cache.HtmCache	Cache[HTML]: Running lazy cache.
2026.02.25 07:21:44,947	INFO	105	org.l2jmobius.gameserver.cache.HtmCache	Cache[HTML]: Running lazy cache.
2026.02.25 07:22:11,183	INFO	97	org.l2jmobius.gameserver.cache.HtmCache	Cache[HTML]: Running lazy cache.
2026.02.25 07:22:34,497	INFO	96	org.l2jmobius.gameserver.cache.HtmCache	Cache[HTML]: Running lazy cache.
2026.02.25 07:22:52,577	INFO	107	org.l2jmobius.gameserver.cache.HtmCache	Cache[HTML]: Running lazy cache.
2026.02.25 07:23:22,094	INFO	91	org.l2jmobius.gameserver.cache.HtmCache	Cache[HTML]: Running lazy cache.
2026.02.25 07:23:52,873	INFO	93	org.l2jmobius.gameserver.cache.HtmCache	Cache[HTML]: Running lazy cache.
2026.02.25 07:24:09,091	INFO	102	org.l2jmobius.gameserver.cache.HtmCache	Cache[HTML]: Running lazy cache.
2026.02.25 07:24:30,312	INFO	89	org.l2jmobius.gameserver.cache.HtmCache	Cache[HTML]: Running lazy cache.
2026.02.25 07:25:07,787	INFO	97	org.l2jmobius.gameserver.cache.HtmCache	Cache[HTML]: Running lazy cache.
2026.02.25 07:25:30,663	INFO	96	org.l2jmobius.gameserver.cache.HtmCache	Cache[HTML]: Running lazy cache.
2026.02.25 07:25:42,713	INFO	110	org.l2jmobius.gameserver.cache.HtmCache	Cache[HTML]: Running lazy cache.
2026.02.25 07:25:55,906	INFO	100	org.l2jmobius.gameserver.cache.HtmCache	Cache[HTML]: Running lazy cache.
2026.02.25 07:26:05,519	INFO	90	org.l2jmobius.gameserver.cache.HtmCache	Cache[HTML]: Running lazy cache.
2026.02.25 07:26:17,703	INFO	109	org.l2jmobius.gameserver.cache.HtmCache	Cache[HTML]: Running lazy cache.
2026.02.25 07:27:08,724	INFO	92	org.l2jmobius.gameserver.cache.HtmCache	Cache[HTML]: Running lazy cache.
2026.02.25 07:27:22,824	INFO	100	org.l2jmobius.gameserver.cache.HtmCache	Cache[HTML]: Running lazy cache.
2026.02.25 07:27:43,304	INFO	91	org.l2jmobius.gameserver.cache.HtmCache	Cache[HTML]: Running lazy cache.
2026.02.25 07:28:30,444	INFO	94	org.l2jmobius.gameserver.cache.HtmCache	Cache[HTML]: Running lazy cache.
2026.02.25 07:28:57,045	INFO	95	org.l2jmobius.gameserver.cache.HtmCache	Cache[HTML]: Running lazy cache.
2026.02.25 07:29:13,557	INFO	104	org.l2jmobius.gameserver.cache.HtmCache	Cache[HTML]: Running lazy cache.
2026.02.25 07:30:05,462	INFO	105	org.l2jmobius.gameserver.cache.HtmCache	Cache[HTML]: Running lazy cache.
2026.02.25 07:30:36,195	INFO	97	org.l2jmobius.gameserver.cache.HtmCache	Cache[HTML]: Running lazy cache.
2026.02.25 07:30:53,357	INFO	92	org.l2jmobius.gameserver.cache.HtmCache	Cache[HTML]: Running lazy cache.
2026.02.25 07:31:06,062	INFO	89	org.l2jmobius.gameserver.cache.HtmCache	Cache[HTML]: Running lazy cache.
2026.02.25 07:31:14,364	INFO	97	org.l2jmobius.gameserver.cache.HtmCache	Cache[HTML]: Running lazy cache.
2026.02.25 07:31:33,340	INFO	110	org.l2jmobius.gameserver.cache.HtmCache	Cache[HTML]: Running lazy cache.
2026.02.25 07:31:46,938	INFO	107	org.l2jmobius.gameserver.cache.HtmCache	Cache[HTML]: Running lazy cache.
2026.02.25 07:32:05,007	INFO	91	org.l2jmobius.gameserver.cache.HtmCache	Cache[HTML]: Running lazy cache.
2026.02.25 07:32:26,255	INFO	94	org.l2jmobius.gameserver.cache.HtmCache	Cache[HTML]: Running lazy cache.
2026.02.25 07:32:37,840	INFO	110	org.l2jmobius.gameserver.cache.HtmCache	Cache[HTML]: Running lazy cache.
2026.02.25 07:32:53,036	INFO	100	org.l2jmobius.gameserver.cache.HtmCache	Cache[HTML]: Running lazy cache.
2026.02.25 07:33:05,683	INFO	91	org.l2jmobius.gameserver.cache.HtmCache	Cache[HTML]: Running lazy cache.
2026.02.25 07:33:09,074	INFO	109	org.l2jmobius.gameserver.cache.HtmCache	Cache[HTML]: Running lazy cache.
2026.02.25 07:33:23,179	INFO	99	org.l2jmobius.gameserver.cache.HtmCache	Cache[HTML]: Running lazy cache.
2026.02.25 07:33:45,581	INFO	92	org.l2jmobius.gameserver.cache.HtmCache	Cache[HTML]: Running lazy cache.
2026.02.25 07:34:04,112	INFO	97	org.l2jmobius.gameserver.cache.HtmCache	Cache[HTML]: Running lazy cache.
2026.02.25 07:35:52,336	INFO	94	org.l2jmobius.gameserver.cache.HtmCache	Cache[HTML]: Running lazy cache.
2026.02.25 07:36:36,510	INFO	104	org.l2jmobius.gameserver.cache.HtmCache	Cache[HTML]: Running lazy cache.
2026.02.25 07:37:04,278	INFO	100	org.l2jmobius.gameserver.cache.HtmCache	Cache[HTML]: Running lazy cache.
2026.02.25 07:37:55,540	INFO	106	org.l2jmobius.gameserver.cache.HtmCache	Cache[HTML]: Running lazy cache.
2026.02.25 07:38:16,484	INFO	108	org.l2jmobius.gameserver.cache.HtmCache	Cache[HTML]: Running lazy cache.
2026.02.25 07:43:25,411	INFO	66	org.l2jmobius.gameserver.instancemanager.GlobalVariablesManager	GlobalVariablesManager: Stored 5 variables.
2026.02.25 07:46:08,157	INFO	32	org.l2jmobius.commons.util.IXmlReader	Network Config: ipconfig.xml exists using manual configuration...
2026.02.25 07:46:08,161	INFO	32	org.l2jmobius.Config	Loaded 6 Filter Words.
2026.02.25 07:53:40,301	WARNING	32	org.l2jmobius.gameserver.Shutdown	Server scheduled restart issued shutdown command. Shutdown in 1 seconds!
2026.02.25 07:53:40,541	WARNING	163	org.l2jmobius.gameserver.LoginServerThread	LoginServerThread: LoginServer not available, trying to reconnect...
2026.02.25 07:53:41,303	WARNING	192	org.l2jmobius.gameserver.Shutdown	GM shutdown countdown is over. shutting down NOW!
2026.02.25 07:53:41,415	INFO	192	org.l2jmobius.gameserver.Shutdown	All players disconnected and saved(111ms).
2026.02.25 07:53:41,415	INFO	192	org.l2jmobius.gameserver.Shutdown	Game Time Task Manager: Thread interruped(1ms).
2026.02.25 07:53:41,415	INFO	192	org.l2jmobius.commons.threads.ThreadPool	ThreadPool: Shutting down.
2026.02.25 07:53:41,418	INFO	192	org.l2jmobius.gameserver.Shutdown	Thread Pool Manager: Manager has been shut down(3ms).
2026.02.25 07:53:41,418	INFO	163	org.l2jmobius.gameserver.LoginServerThread	LoginServerThread: Connecting to login on 127.0.0.1:9014
2026.02.25 07:53:41,418	INFO	192	org.l2jmobius.gameserver.Shutdown	Login Server Thread: Thread interruped(0ms).
2026.02.25 07:53:41,418	INFO	192	org.l2jmobius.gameserver.Shutdown	GM shutdown received. Shutting down NOW!
2026.02.25 07:53:41,419	WARNING	163	org.l2jmobius.gameserver.LoginServerThread	LoginServerThread: LoginServer not available, trying to reconnect...
2026.02.25 07:53:41,455	INFO	192	org.l2jmobius.gameserver.Shutdown	RaidBossSpawnManager: All raidboss info saved(37ms).
2026.02.25 07:53:41,463	INFO	192	org.l2jmobius.gameserver.Shutdown	GrandBossManager: All Grand Boss info saved(8ms).
2026.02.25 07:53:41,463	INFO	192	org.l2jmobius.gameserver.Shutdown	Item Auction Manager: All tasks stopped(0ms).
2026.02.25 07:53:41,464	INFO	192	org.l2jmobius.gameserver.Shutdown	Olympiad System: Data saved(1ms).
2026.02.25 07:53:41,464	INFO	192	org.l2jmobius.gameserver.Shutdown	Hero System: Data saved(0ms).
2026.02.25 07:53:41,465	INFO	192	org.l2jmobius.gameserver.Shutdown	Clan System: Data saved(1ms).
2026.02.25 07:53:41,465	INFO	192	org.l2jmobius.gameserver.Shutdown	Cursed Weapons Manager: Data saved(0ms).
2026.02.25 07:53:41,465	INFO	192	org.l2jmobius.gameserver.Shutdown	Castle Manor Manager: Data saved(0ms).
2026.02.25 07:53:41,470	INFO	192	org.l2jmobius.gameserver.Shutdown	Quest Manager: Data saved(5ms).
2026.02.25 07:53:41,492	INFO	192	org.l2jmobius.gameserver.instancemanager.GlobalVariablesManager	GlobalVariablesManager: Stored 5 variables.
2026.02.25 07:53:41,492	INFO	192	org.l2jmobius.gameserver.Shutdown	Global Variables Manager: Variables saved(22ms).
2026.02.25 07:53:41,509	INFO	192	org.l2jmobius.gameserver.Shutdown	SchemeBufferTable data has been saved.
2026.02.25 07:53:41,509	INFO	192	org.l2jmobius.gameserver.Shutdown	Bot Report Table: Successfully saved reports to database!
2026.02.25 07:53:46,420	INFO	163	org.l2jmobius.gameserver.LoginServerThread	LoginServerThread: Connecting to login on 127.0.0.1:9014
2026.02.25 07:53:46,420	WARNING	163	org.l2jmobius.gameserver.LoginServerThread	LoginServerThread: LoginServer not available, trying to reconnect...
2026.02.25 07:53:46,529	INFO	192	org.l2jmobius.gameserver.Shutdown	Database Factory: Database connection has been shut down(19ms).
2026.02.25 07:53:46,529	INFO	192	org.l2jmobius.gameserver.Shutdown	The server has been successfully shut down in 5seconds.
